<?xml version="1.0" encoding="UTF-8"?>
<!-- Generated by org.testng.reporters.JUnitReportReporter -->
<testsuite hostname="DESKTOP-1JA1C1D" failures="0" tests="2" name="ccc.ToTest" time="5.036" errors="0" timestamp="2023-12-08T14:57:16 IST" skipped="0">
  <testcase classname="ccc.ToTest" name="a" time="4.141"/>
  <system-out/>
  <testcase classname="ccc.ToTest" name="b" time="0.895"/>
  <system-out/>
</testsuite> <!-- ccc.ToTest -->
